{
  "RSpec": {
    "coverage": {
      "/Users/weatherby/Development/openPing/app/models/user.rb": {
        "lines": [
          1,
          1,
          null,
          1,
          null
        ]
      },
      "/Users/weatherby/Development/openPing/app/models/application_record.rb": {
        "lines": [
          1,
          1,
          null
        ]
      },
      "/Users/weatherby/Development/openPing/app/controllers/application_controller.rb": {
        "lines": [
          0,
          0
        ],
        "branches": {}
      },
      "/Users/weatherby/Development/openPing/app/jobs/application_job.rb": {
        "lines": [
          0,
          null,
          null,
          null,
          null,
          null,
          0
        ],
        "branches": {}
      },
      "/Users/weatherby/Development/openPing/app/mailers/application_mailer.rb": {
        "lines": [
          0,
          0,
          0,
          0
        ],
        "branches": {}
      }
    },
    "timestamp": 1732974390
  }
}
